This is an error log file of the game server.
You may use like `tail -f KKUTU_ERROR.log` to watch this.
:8496 [1/28/2024, 5:30:45 PM] ERROR: error: terminating connection due to administrator command
error: terminating connection due to administrator command
    at Parser.parseErrorMessage (/home/ubuntu/KKuTu-1-nickname/Server/lib/node_modules/pg-protocol/dist/parser.js:287:98)
    at Parser.handlePacket (/home/ubuntu/KKuTu-1-nickname/Server/lib/node_modules/pg-protocol/dist/parser.js:126:29)
    at Parser.parse (/home/ubuntu/KKuTu-1-nickname/Server/lib/node_modules/pg-protocol/dist/parser.js:39:38)
    at Socket.<anonymous> (/home/ubuntu/KKuTu-1-nickname/Server/lib/node_modules/pg-protocol/dist/index.js:11:42)
    at Socket.emit (events.js:314:20)
    at addChunk (_stream_readable.js:297:12)
    at readableAddChunk (_stream_readable.js:272:9)
    at Socket.Readable.push (_stream_readable.js:213:10)
    at TCP.onStreamRead (internal/stream_base_commons.js:188:23):8496 [1/28/2024, 5:30:45 PM] ERROR: Error: Connection terminated unexpectedly
Error: Connection terminated unexpectedly
    at Connection.<anonymous> (/home/ubuntu/KKuTu-1-nickname/Server/lib/node_modules/pg/lib/client.js:132:73)
    at Object.onceWrapper (events.js:420:28)
    at Connection.emit (events.js:314:20)
    at Socket.<anonymous> (/home/ubuntu/KKuTu-1-nickname/Server/lib/node_modules/pg/lib/connection.js:107:12)
    at Socket.emit (events.js:326:22)
    at endReadableNT (_stream_readable.js:1241:12)
    at processTicksAndRejections (internal/process/task_queues.js:84:21):8496 [2/28/2024, 6:56:01 AM] ERROR: error: terminating connection due to administrator command
error: terminating connection due to administrator command
    at Parser.parseErrorMessage (/home/ubuntu/KKuTu-1-nickname/Server/lib/node_modules/pg-protocol/dist/parser.js:287:98)
    at Parser.handlePacket (/home/ubuntu/KKuTu-1-nickname/Server/lib/node_modules/pg-protocol/dist/parser.js:126:29)
    at Parser.parse (/home/ubuntu/KKuTu-1-nickname/Server/lib/node_modules/pg-protocol/dist/parser.js:39:38)
    at Socket.<anonymous> (/home/ubuntu/KKuTu-1-nickname/Server/lib/node_modules/pg-protocol/dist/index.js:11:42)
    at Socket.emit (events.js:314:20)
    at addChunk (_stream_readable.js:297:12)
    at readableAddChunk (_stream_readable.js:272:9)
    at Socket.Readable.push (_stream_readable.js:213:10)
    at TCP.onStreamRead (internal/stream_base_commons.js:188:23):8496 [2/28/2024, 6:56:01 AM] ERROR: Error: Connection terminated unexpectedly
Error: Connection terminated unexpectedly
    at Connection.<anonymous> (/home/ubuntu/KKuTu-1-nickname/Server/lib/node_modules/pg/lib/client.js:132:73)
    at Object.onceWrapper (events.js:420:28)
    at Connection.emit (events.js:314:20)
    at Socket.<anonymous> (/home/ubuntu/KKuTu-1-nickname/Server/lib/node_modules/pg/lib/connection.js:107:12)
    at Socket.emit (events.js:326:22)
    at endReadableNT (_stream_readable.js:1241:12)
    at processTicksAndRejections (internal/process/task_queues.js:84:21):8496 [4/5/2024, 1:11:05 PM] ERROR: TypeError: Cannot read property '_id' of null
TypeError: Cannot read property '_id' of null
    at /home/ubuntu/KKuTu-1-nickname/Server/lib/Game/games/jaqwi.js:62:27
    at exports.Tail.go (/home/ubuntu/KKuTu-1-nickname/Server/lib/sub/lizard.js:43:16)
    at /home/ubuntu/KKuTu-1-nickname/Server/lib/Game/games/jaqwi.js:249:21
    at callback (/home/ubuntu/KKuTu-1-nickname/Server/lib/sub/collection.js:316:13)
    at Query.preCB (/home/ubuntu/KKuTu-1-nickname/Server/lib/sub/collection.js:298:6)
    at Query.handleReadyForQuery (/home/ubuntu/KKuTu-1-nickname/Server/lib/node_modules/pg/lib/query.js:138:12)
    at Client._handleReadyForQuery (/home/ubuntu/KKuTu-1-nickname/Server/lib/node_modules/pg/lib/client.js:290:19)
    at Connection.emit (events.js:314:20)
    at /home/ubuntu/KKuTu-1-nickname/Server/lib/node_modules/pg/lib/connection.js:114:12
    at Parser.parse (/home/ubuntu/KKuTu-1-nickname/Server/lib/node_modules/pg-protocol/dist/parser.js:40:17):8496 [4/5/2024, 1:11:51 PM] ERROR: TypeError: Cannot read property '_id' of null
TypeError: Cannot read property '_id' of null
    at /home/ubuntu/KKuTu-1-nickname/Server/lib/Game/games/jaqwi.js:62:27
    at exports.Tail.go (/home/ubuntu/KKuTu-1-nickname/Server/lib/sub/lizard.js:43:16)
    at /home/ubuntu/KKuTu-1-nickname/Server/lib/Game/games/jaqwi.js:249:21
    at callback (/home/ubuntu/KKuTu-1-nickname/Server/lib/sub/collection.js:316:13)
    at Query.preCB (/home/ubuntu/KKuTu-1-nickname/Server/lib/sub/collection.js:298:6)
    at Query.handleReadyForQuery (/home/ubuntu/KKuTu-1-nickname/Server/lib/node_modules/pg/lib/query.js:138:12)
    at Client._handleReadyForQuery (/home/ubuntu/KKuTu-1-nickname/Server/lib/node_modules/pg/lib/client.js:290:19)
    at Connection.emit (events.js:314:20)
    at /home/ubuntu/KKuTu-1-nickname/Server/lib/node_modules/pg/lib/connection.js:114:12
    at Parser.parse (/home/ubuntu/KKuTu-1-nickname/Server/lib/node_modules/pg-protocol/dist/parser.js:40:17):8496 [4/5/2024, 1:11:55 PM] ERROR: TypeError: Cannot read property 'handleRowDescription' of null
TypeError: Cannot read property 'handleRowDescription' of null
    at Client._handleRowDescription (/home/ubuntu/KKuTu-1-nickname/Server/lib/node_modules/pg/lib/client.js:340:22)
    at Connection.emit (events.js:314:20)
    at /home/ubuntu/KKuTu-1-nickname/Server/lib/node_modules/pg/lib/connection.js:114:12
    at Parser.parse (/home/ubuntu/KKuTu-1-nickname/Server/lib/node_modules/pg-protocol/dist/parser.js:40:17)
    at Socket.<anonymous> (/home/ubuntu/KKuTu-1-nickname/Server/lib/node_modules/pg-protocol/dist/index.js:11:42)
    at Socket.emit (events.js:314:20)
    at addChunk (_stream_readable.js:297:12)
    at readableAddChunk (_stream_readable.js:272:9)
    at Socket.Readable.push (_stream_readable.js:213:10)
    at TCP.onStreamRead (internal/stream_base_commons.js:188:23):8496 [4/14/2024, 1:46:36 PM] ERROR: TypeError: Cannot read property '_id' of null
TypeError: Cannot read property '_id' of null
    at /home/ubuntu/KKuTu-1-nickname/Server/lib/Game/games/jaqwi.js:62:27
    at exports.Tail.go (/home/ubuntu/KKuTu-1-nickname/Server/lib/sub/lizard.js:43:16)
    at /home/ubuntu/KKuTu-1-nickname/Server/lib/Game/games/jaqwi.js:249:21
    at callback (/home/ubuntu/KKuTu-1-nickname/Server/lib/sub/collection.js:316:13)
    at Query.preCB (/home/ubuntu/KKuTu-1-nickname/Server/lib/sub/collection.js:298:6)
    at Query.handleReadyForQuery (/home/ubuntu/KKuTu-1-nickname/Server/lib/node_modules/pg/lib/query.js:138:12)
    at Client._handleReadyForQuery (/home/ubuntu/KKuTu-1-nickname/Server/lib/node_modules/pg/lib/client.js:290:19)
    at Connection.emit (events.js:314:20)
    at /home/ubuntu/KKuTu-1-nickname/Server/lib/node_modules/pg/lib/connection.js:114:12
    at Parser.parse (/home/ubuntu/KKuTu-1-nickname/Server/lib/node_modules/pg-protocol/dist/parser.js:40:17):8496 [4/20/2024, 7:17:53 AM] ERROR: TypeError: Cannot read property '_id' of null
TypeError: Cannot read property '_id' of null
    at /home/ubuntu/KKuTu-1-nickname/Server/lib/Game/games/jaqwi.js:62:27
    at exports.Tail.go (/home/ubuntu/KKuTu-1-nickname/Server/lib/sub/lizard.js:43:16)
    at /home/ubuntu/KKuTu-1-nickname/Server/lib/Game/games/jaqwi.js:249:21
    at callback (/home/ubuntu/KKuTu-1-nickname/Server/lib/sub/collection.js:316:13)
    at Query.preCB (/home/ubuntu/KKuTu-1-nickname/Server/lib/sub/collection.js:298:6)
    at Query.handleReadyForQuery (/home/ubuntu/KKuTu-1-nickname/Server/lib/node_modules/pg/lib/query.js:138:12)
    at Client._handleReadyForQuery (/home/ubuntu/KKuTu-1-nickname/Server/lib/node_modules/pg/lib/client.js:290:19)
    at Connection.emit (events.js:314:20)
    at /home/ubuntu/KKuTu-1-nickname/Server/lib/node_modules/pg/lib/connection.js:114:12
    at Parser.parse (/home/ubuntu/KKuTu-1-nickname/Server/lib/node_modules/pg-protocol/dist/parser.js:40:17):8496 [4/22/2024, 6:52:44 AM] ERROR: TypeError: Cannot read property '_id' of null
TypeError: Cannot read property '_id' of null
    at /home/ubuntu/KKuTu-1-nickname/Server/lib/Game/games/jaqwi.js:62:27
    at exports.Tail.go (/home/ubuntu/KKuTu-1-nickname/Server/lib/sub/lizard.js:43:16)
    at /home/ubuntu/KKuTu-1-nickname/Server/lib/Game/games/jaqwi.js:249:21
    at callback (/home/ubuntu/KKuTu-1-nickname/Server/lib/sub/collection.js:316:13)
    at Query.preCB (/home/ubuntu/KKuTu-1-nickname/Server/lib/sub/collection.js:298:6)
    at Query.handleReadyForQuery (/home/ubuntu/KKuTu-1-nickname/Server/lib/node_modules/pg/lib/query.js:138:12)
    at Client._handleReadyForQuery (/home/ubuntu/KKuTu-1-nickname/Server/lib/node_modules/pg/lib/client.js:290:19)
    at Connection.emit (events.js:314:20)
    at /home/ubuntu/KKuTu-1-nickname/Server/lib/node_modules/pg/lib/connection.js:114:12
    at Parser.parse (/home/ubuntu/KKuTu-1-nickname/Server/lib/node_modules/pg-protocol/dist/parser.js:40:17):8496 [4/22/2024, 6:52:45 AM] ERROR: TypeError: Cannot read property 'handleRowDescription' of null
TypeError: Cannot read property 'handleRowDescription' of null
    at Client._handleRowDescription (/home/ubuntu/KKuTu-1-nickname/Server/lib/node_modules/pg/lib/client.js:340:22)
    at Connection.emit (events.js:314:20)
    at /home/ubuntu/KKuTu-1-nickname/Server/lib/node_modules/pg/lib/connection.js:114:12
    at Parser.parse (/home/ubuntu/KKuTu-1-nickname/Server/lib/node_modules/pg-protocol/dist/parser.js:40:17)
    at Socket.<anonymous> (/home/ubuntu/KKuTu-1-nickname/Server/lib/node_modules/pg-protocol/dist/index.js:11:42)
    at Socket.emit (events.js:314:20)
    at addChunk (_stream_readable.js:297:12)
    at readableAddChunk (_stream_readable.js:272:9)
    at Socket.Readable.push (_stream_readable.js:213:10)
    at TCP.onStreamRead (internal/stream_base_commons.js:188:23):8496 [4/22/2024, 6:52:46 AM] ERROR: TypeError: Cannot read property 'handleRowDescription' of null
TypeError: Cannot read property 'handleRowDescription' of null
    at Client._handleRowDescription (/home/ubuntu/KKuTu-1-nickname/Server/lib/node_modules/pg/lib/client.js:340:22)
    at Connection.emit (events.js:314:20)
    at /home/ubuntu/KKuTu-1-nickname/Server/lib/node_modules/pg/lib/connection.js:114:12
    at Parser.parse (/home/ubuntu/KKuTu-1-nickname/Server/lib/node_modules/pg-protocol/dist/parser.js:40:17)
    at Socket.<anonymous> (/home/ubuntu/KKuTu-1-nickname/Server/lib/node_modules/pg-protocol/dist/index.js:11:42)
    at Socket.emit (events.js:314:20)
    at addChunk (_stream_readable.js:297:12)
    at readableAddChunk (_stream_readable.js:272:9)
    at Socket.Readable.push (_stream_readable.js:213:10)
    at TCP.onStreamRead (internal/stream_base_commons.js:188:23):8496 [4/22/2024, 6:52:46 AM] ERROR: TypeError: Cannot read property 'handleRowDescription' of null
TypeError: Cannot read property 'handleRowDescription' of null
    at Client._handleRowDescription (/home/ubuntu/KKuTu-1-nickname/Server/lib/node_modules/pg/lib/client.js:340:22)
    at Connection.emit (events.js:314:20)
    at /home/ubuntu/KKuTu-1-nickname/Server/lib/node_modules/pg/lib/connection.js:114:12
    at Parser.parse (/home/ubuntu/KKuTu-1-nickname/Server/lib/node_modules/pg-protocol/dist/parser.js:40:17)
    at Socket.<anonymous> (/home/ubuntu/KKuTu-1-nickname/Server/lib/node_modules/pg-protocol/dist/index.js:11:42)
    at Socket.emit (events.js:314:20)
    at addChunk (_stream_readable.js:297:12)
    at readableAddChunk (_stream_readable.js:272:9)
    at Socket.Readable.push (_stream_readable.js:213:10)
    at TCP.onStreamRead (internal/stream_base_commons.js:188:23):8496 [4/22/2024, 6:52:47 AM] ERROR: TypeError: Cannot read property 'handleRowDescription' of null
TypeError: Cannot read property 'handleRowDescription' of null
    at Client._handleRowDescription (/home/ubuntu/KKuTu-1-nickname/Server/lib/node_modules/pg/lib/client.js:340:22)
    at Connection.emit (events.js:314:20)
    at /home/ubuntu/KKuTu-1-nickname/Server/lib/node_modules/pg/lib/connection.js:114:12
    at Parser.parse (/home/ubuntu/KKuTu-1-nickname/Server/lib/node_modules/pg-protocol/dist/parser.js:40:17)
    at Socket.<anonymous> (/home/ubuntu/KKuTu-1-nickname/Server/lib/node_modules/pg-protocol/dist/index.js:11:42)
    at Socket.emit (events.js:314:20)
    at addChunk (_stream_readable.js:297:12)
    at readableAddChunk (_stream_readable.js:272:9)
    at Socket.Readable.push (_stream_readable.js:213:10)
    at TCP.onStreamRead (internal/stream_base_commons.js:188:23):8496 [4/22/2024, 6:52:48 AM] ERROR: TypeError: Cannot read property 'handleRowDescription' of null
TypeError: Cannot read property 'handleRowDescription' of null
    at Client._handleRowDescription (/home/ubuntu/KKuTu-1-nickname/Server/lib/node_modules/pg/lib/client.js:340:22)
    at Connection.emit (events.js:314:20)
    at /home/ubuntu/KKuTu-1-nickname/Server/lib/node_modules/pg/lib/connection.js:114:12
    at Parser.parse (/home/ubuntu/KKuTu-1-nickname/Server/lib/node_modules/pg-protocol/dist/parser.js:40:17)
    at Socket.<anonymous> (/home/ubuntu/KKuTu-1-nickname/Server/lib/node_modules/pg-protocol/dist/index.js:11:42)
    at Socket.emit (events.js:314:20)
    at addChunk (_stream_readable.js:297:12)
    at readableAddChunk (_stream_readable.js:272:9)
    at Socket.Readable.push (_stream_readable.js:213:10)
    at TCP.onStreamRead (internal/stream_base_commons.js:188:23):8496 [4/22/2024, 6:52:48 AM] ERROR: TypeError: Cannot read property 'handleRowDescription' of null
TypeError: Cannot read property 'handleRowDescription' of null
    at Client._handleRowDescription (/home/ubuntu/KKuTu-1-nickname/Server/lib/node_modules/pg/lib/client.js:340:22)
    at Connection.emit (events.js:314:20)
    at /home/ubuntu/KKuTu-1-nickname/Server/lib/node_modules/pg/lib/connection.js:114:12
    at Parser.parse (/home/ubuntu/KKuTu-1-nickname/Server/lib/node_modules/pg-protocol/dist/parser.js:40:17)
    at Socket.<anonymous> (/home/ubuntu/KKuTu-1-nickname/Server/lib/node_modules/pg-protocol/dist/index.js:11:42)
    at Socket.emit (events.js:314:20)
    at addChunk (_stream_readable.js:297:12)
    at readableAddChunk (_stream_readable.js:272:9)
    at Socket.Readable.push (_stream_readable.js:213:10)
    at TCP.onStreamRead (internal/stream_base_commons.js:188:23):8496 [4/22/2024, 6:52:48 AM] ERROR: TypeError: Cannot read property 'handleRowDescription' of null
TypeError: Cannot read property 'handleRowDescription' of null
    at Client._handleRowDescription (/home/ubuntu/KKuTu-1-nickname/Server/lib/node_modules/pg/lib/client.js:340:22)
    at Connection.emit (events.js:314:20)
    at /home/ubuntu/KKuTu-1-nickname/Server/lib/node_modules/pg/lib/connection.js:114:12
    at Parser.parse (/home/ubuntu/KKuTu-1-nickname/Server/lib/node_modules/pg-protocol/dist/parser.js:40:17)
    at Socket.<anonymous> (/home/ubuntu/KKuTu-1-nickname/Server/lib/node_modules/pg-protocol/dist/index.js:11:42)
    at Socket.emit (events.js:314:20)
    at addChunk (_stream_readable.js:297:12)
    at readableAddChunk (_stream_readable.js:272:9)
    at Socket.Readable.push (_stream_readable.js:213:10)
    at TCP.onStreamRead (internal/stream_base_commons.js:188:23):8496 [4/22/2024, 6:52:49 AM] ERROR: TypeError: Cannot read property 'handleRowDescription' of null
TypeError: Cannot read property 'handleRowDescription' of null
    at Client._handleRowDescription (/home/ubuntu/KKuTu-1-nickname/Server/lib/node_modules/pg/lib/client.js:340:22)
    at Connection.emit (events.js:314:20)
    at /home/ubuntu/KKuTu-1-nickname/Server/lib/node_modules/pg/lib/connection.js:114:12
    at Parser.parse (/home/ubuntu/KKuTu-1-nickname/Server/lib/node_modules/pg-protocol/dist/parser.js:40:17)
    at Socket.<anonymous> (/home/ubuntu/KKuTu-1-nickname/Server/lib/node_modules/pg-protocol/dist/index.js:11:42)
    at Socket.emit (events.js:314:20)
    at addChunk (_stream_readable.js:297:12)
    at readableAddChunk (_stream_readable.js:272:9)
    at Socket.Readable.push (_stream_readable.js:213:10)
    at TCP.onStreamRead (internal/stream_base_commons.js:188:23):8496 [4/22/2024, 6:52:49 AM] ERROR: TypeError: Cannot read property 'handleRowDescription' of null
TypeError: Cannot read property 'handleRowDescription' of null
    at Client._handleRowDescription (/home/ubuntu/KKuTu-1-nickname/Server/lib/node_modules/pg/lib/client.js:340:22)
    at Connection.emit (events.js:314:20)
    at /home/ubuntu/KKuTu-1-nickname/Server/lib/node_modules/pg/lib/connection.js:114:12
    at Parser.parse (/home/ubuntu/KKuTu-1-nickname/Server/lib/node_modules/pg-protocol/dist/parser.js:40:17)
    at Socket.<anonymous> (/home/ubuntu/KKuTu-1-nickname/Server/lib/node_modules/pg-protocol/dist/index.js:11:42)
    at Socket.emit (events.js:314:20)
    at addChunk (_stream_readable.js:297:12)
    at readableAddChunk (_stream_readable.js:272:9)
    at Socket.Readable.push (_stream_readable.js:213:10)
    at TCP.onStreamRead (internal/stream_base_commons.js:188:23):8496 [4/22/2024, 6:52:49 AM] ERROR: TypeError: Cannot read property 'handleRowDescription' of null
TypeError: Cannot read property 'handleRowDescription' of null
    at Client._handleRowDescription (/home/ubuntu/KKuTu-1-nickname/Server/lib/node_modules/pg/lib/client.js:340:22)
    at Connection.emit (events.js:314:20)
    at /home/ubuntu/KKuTu-1-nickname/Server/lib/node_modules/pg/lib/connection.js:114:12
    at Parser.parse (/home/ubuntu/KKuTu-1-nickname/Server/lib/node_modules/pg-protocol/dist/parser.js:40:17)
    at Socket.<anonymous> (/home/ubuntu/KKuTu-1-nickname/Server/lib/node_modules/pg-protocol/dist/index.js:11:42)
    at Socket.emit (events.js:314:20)
    at addChunk (_stream_readable.js:297:12)
    at readableAddChunk (_stream_readable.js:272:9)
    at Socket.Readable.push (_stream_readable.js:213:10)
    at TCP.onStreamRead (internal/stream_base_commons.js:188:23):8496 [4/22/2024, 6:52:49 AM] ERROR: TypeError: Cannot read property 'handleRowDescription' of null
TypeError: Cannot read property 'handleRowDescription' of null
    at Client._handleRowDescription (/home/ubuntu/KKuTu-1-nickname/Server/lib/node_modules/pg/lib/client.js:340:22)
    at Connection.emit (events.js:314:20)
    at /home/ubuntu/KKuTu-1-nickname/Server/lib/node_modules/pg/lib/connection.js:114:12
    at Parser.parse (/home/ubuntu/KKuTu-1-nickname/Server/lib/node_modules/pg-protocol/dist/parser.js:40:17)
    at Socket.<anonymous> (/home/ubuntu/KKuTu-1-nickname/Server/lib/node_modules/pg-protocol/dist/index.js:11:42)
    at Socket.emit (events.js:314:20)
    at addChunk (_stream_readable.js:297:12)
    at readableAddChunk (_stream_readable.js:272:9)
    at Socket.Readable.push (_stream_readable.js:213:10)
    at TCP.onStreamRead (internal/stream_base_commons.js:188:23):8496 [4/22/2024, 6:52:49 AM] ERROR: TypeError: Cannot read property 'handleRowDescription' of null
TypeError: Cannot read property 'handleRowDescription' of null
    at Client._handleRowDescription (/home/ubuntu/KKuTu-1-nickname/Server/lib/node_modules/pg/lib/client.js:340:22)
    at Connection.emit (events.js:314:20)
    at /home/ubuntu/KKuTu-1-nickname/Server/lib/node_modules/pg/lib/connection.js:114:12
    at Parser.parse (/home/ubuntu/KKuTu-1-nickname/Server/lib/node_modules/pg-protocol/dist/parser.js:40:17)
    at Socket.<anonymous> (/home/ubuntu/KKuTu-1-nickname/Server/lib/node_modules/pg-protocol/dist/index.js:11:42)
    at Socket.emit (events.js:314:20)
    at addChunk (_stream_readable.js:297:12)
    at readableAddChunk (_stream_readable.js:272:9)
    at Socket.Readable.push (_stream_readable.js:213:10)
    at TCP.onStreamRead (internal/stream_base_commons.js:188:23):8496 [4/22/2024, 6:52:50 AM] ERROR: TypeError: Cannot read property 'handleRowDescription' of null
TypeError: Cannot read property 'handleRowDescription' of null
    at Client._handleRowDescription (/home/ubuntu/KKuTu-1-nickname/Server/lib/node_modules/pg/lib/client.js:340:22)
    at Connection.emit (events.js:314:20)
    at /home/ubuntu/KKuTu-1-nickname/Server/lib/node_modules/pg/lib/connection.js:114:12
    at Parser.parse (/home/ubuntu/KKuTu-1-nickname/Server/lib/node_modules/pg-protocol/dist/parser.js:40:17)
    at Socket.<anonymous> (/home/ubuntu/KKuTu-1-nickname/Server/lib/node_modules/pg-protocol/dist/index.js:11:42)
    at Socket.emit (events.js:314:20)
    at addChunk (_stream_readable.js:297:12)
    at readableAddChunk (_stream_readable.js:272:9)
    at Socket.Readable.push (_stream_readable.js:213:10)
    at TCP.onStreamRead (internal/stream_base_commons.js:188:23):8496 [4/22/2024, 6:52:51 AM] ERROR: TypeError: Cannot read property 'handleRowDescription' of null
TypeError: Cannot read property 'handleRowDescription' of null
    at Client._handleRowDescription (/home/ubuntu/KKuTu-1-nickname/Server/lib/node_modules/pg/lib/client.js:340:22)
    at Connection.emit (events.js:314:20)
    at /home/ubuntu/KKuTu-1-nickname/Server/lib/node_modules/pg/lib/connection.js:114:12
    at Parser.parse (/home/ubuntu/KKuTu-1-nickname/Server/lib/node_modules/pg-protocol/dist/parser.js:40:17)
    at Socket.<anonymous> (/home/ubuntu/KKuTu-1-nickname/Server/lib/node_modules/pg-protocol/dist/index.js:11:42)
    at Socket.emit (events.js:314:20)
    at addChunk (_stream_readable.js:297:12)
    at readableAddChunk (_stream_readable.js:272:9)
    at Socket.Readable.push (_stream_readable.js:213:10)
    at TCP.onStreamRead (internal/stream_base_commons.js:188:23):8496 [4/22/2024, 6:52:51 AM] ERROR: TypeError: Cannot read property 'handleRowDescription' of null
TypeError: Cannot read property 'handleRowDescription' of null
    at Client._handleRowDescription (/home/ubuntu/KKuTu-1-nickname/Server/lib/node_modules/pg/lib/client.js:340:22)
    at Connection.emit (events.js:314:20)
    at /home/ubuntu/KKuTu-1-nickname/Server/lib/node_modules/pg/lib/connection.js:114:12
    at Parser.parse (/home/ubuntu/KKuTu-1-nickname/Server/lib/node_modules/pg-protocol/dist/parser.js:40:17)
    at Socket.<anonymous> (/home/ubuntu/KKuTu-1-nickname/Server/lib/node_modules/pg-protocol/dist/index.js:11:42)
    at Socket.emit (events.js:314:20)
    at addChunk (_stream_readable.js:297:12)
    at readableAddChunk (_stream_readable.js:272:9)
    at Socket.Readable.push (_stream_readable.js:213:10)
    at TCP.onStreamRead (internal/stream_base_commons.js:188:23):8496 [4/22/2024, 6:52:51 AM] ERROR: TypeError: Cannot read property 'handleRowDescription' of null
TypeError: Cannot read property 'handleRowDescription' of null
    at Client._handleRowDescription (/home/ubuntu/KKuTu-1-nickname/Server/lib/node_modules/pg/lib/client.js:340:22)
    at Connection.emit (events.js:314:20)
    at /home/ubuntu/KKuTu-1-nickname/Server/lib/node_modules/pg/lib/connection.js:114:12
    at Parser.parse (/home/ubuntu/KKuTu-1-nickname/Server/lib/node_modules/pg-protocol/dist/parser.js:40:17)
    at Socket.<anonymous> (/home/ubuntu/KKuTu-1-nickname/Server/lib/node_modules/pg-protocol/dist/index.js:11:42)
    at Socket.emit (events.js:314:20)
    at addChunk (_stream_readable.js:297:12)
    at readableAddChunk (_stream_readable.js:272:9)
    at Socket.Readable.push (_stream_readable.js:213:10)
    at TCP.onStreamRead (internal/stream_base_commons.js:188:23):8496 [4/22/2024, 6:52:51 AM] ERROR: TypeError: Cannot read property 'handleRowDescription' of null
TypeError: Cannot read property 'handleRowDescription' of null
    at Client._handleRowDescription (/home/ubuntu/KKuTu-1-nickname/Server/lib/node_modules/pg/lib/client.js:340:22)
    at Connection.emit (events.js:314:20)
    at /home/ubuntu/KKuTu-1-nickname/Server/lib/node_modules/pg/lib/connection.js:114:12
    at Parser.parse (/home/ubuntu/KKuTu-1-nickname/Server/lib/node_modules/pg-protocol/dist/parser.js:40:17)
    at Socket.<anonymous> (/home/ubuntu/KKuTu-1-nickname/Server/lib/node_modules/pg-protocol/dist/index.js:11:42)
    at Socket.emit (events.js:314:20)
    at addChunk (_stream_readable.js:297:12)
    at readableAddChunk (_stream_readable.js:272:9)
    at Socket.Readable.push (_stream_readable.js:213:10)
    at TCP.onStreamRead (internal/stream_base_commons.js:188:23):8496 [4/22/2024, 6:52:51 AM] ERROR: TypeError: Cannot read property 'handleRowDescription' of null
TypeError: Cannot read property 'handleRowDescription' of null
    at Client._handleRowDescription (/home/ubuntu/KKuTu-1-nickname/Server/lib/node_modules/pg/lib/client.js:340:22)
    at Connection.emit (events.js:314:20)
    at /home/ubuntu/KKuTu-1-nickname/Server/lib/node_modules/pg/lib/connection.js:114:12
    at Parser.parse (/home/ubuntu/KKuTu-1-nickname/Server/lib/node_modules/pg-protocol/dist/parser.js:40:17)
    at Socket.<anonymous> (/home/ubuntu/KKuTu-1-nickname/Server/lib/node_modules/pg-protocol/dist/index.js:11:42)
    at Socket.emit (events.js:314:20)
    at addChunk (_stream_readable.js:297:12)
    at readableAddChunk (_stream_readable.js:272:9)
    at Socket.Readable.push (_stream_readable.js:213:10)
    at TCP.onStreamRead (internal/stream_base_commons.js:188:23):8496 [4/22/2024, 6:52:51 AM] ERROR: TypeError: Cannot read property 'handleRowDescription' of null
TypeError: Cannot read property 'handleRowDescription' of null
    at Client._handleRowDescription (/home/ubuntu/KKuTu-1-nickname/Server/lib/node_modules/pg/lib/client.js:340:22)
    at Connection.emit (events.js:314:20)
    at /home/ubuntu/KKuTu-1-nickname/Server/lib/node_modules/pg/lib/connection.js:114:12
    at Parser.parse (/home/ubuntu/KKuTu-1-nickname/Server/lib/node_modules/pg-protocol/dist/parser.js:40:17)
    at Socket.<anonymous> (/home/ubuntu/KKuTu-1-nickname/Server/lib/node_modules/pg-protocol/dist/index.js:11:42)
    at Socket.emit (events.js:314:20)
    at addChunk (_stream_readable.js:297:12)
    at readableAddChunk (_stream_readable.js:272:9)
    at Socket.Readable.push (_stream_readable.js:213:10)
    at TCP.onStreamRead (internal/stream_base_commons.js:188:23):8496 [4/22/2024, 6:52:53 AM] ERROR: TypeError: Cannot read property 'handleRowDescription' of null
TypeError: Cannot read property 'handleRowDescription' of null
    at Client._handleRowDescription (/home/ubuntu/KKuTu-1-nickname/Server/lib/node_modules/pg/lib/client.js:340:22)
    at Connection.emit (events.js:314:20)
    at /home/ubuntu/KKuTu-1-nickname/Server/lib/node_modules/pg/lib/connection.js:114:12
    at Parser.parse (/home/ubuntu/KKuTu-1-nickname/Server/lib/node_modules/pg-protocol/dist/parser.js:40:17)
    at Socket.<anonymous> (/home/ubuntu/KKuTu-1-nickname/Server/lib/node_modules/pg-protocol/dist/index.js:11:42)
    at Socket.emit (events.js:314:20)
    at addChunk (_stream_readable.js:297:12)
    at readableAddChunk (_stream_readable.js:272:9)
    at Socket.Readable.push (_stream_readable.js:213:10)
    at TCP.onStreamRead (internal/stream_base_commons.js:188:23):8496 [4/22/2024, 6:54:01 AM] ERROR: TypeError: Cannot read property '_id' of null
TypeError: Cannot read property '_id' of null
    at /home/ubuntu/KKuTu-1-nickname/Server/lib/Game/games/jaqwi.js:62:27
    at exports.Tail.go (/home/ubuntu/KKuTu-1-nickname/Server/lib/sub/lizard.js:43:16)
    at /home/ubuntu/KKuTu-1-nickname/Server/lib/Game/games/jaqwi.js:249:21
    at callback (/home/ubuntu/KKuTu-1-nickname/Server/lib/sub/collection.js:316:13)
    at Query.preCB (/home/ubuntu/KKuTu-1-nickname/Server/lib/sub/collection.js:298:6)
    at Query.handleReadyForQuery (/home/ubuntu/KKuTu-1-nickname/Server/lib/node_modules/pg/lib/query.js:138:12)
    at Client._handleReadyForQuery (/home/ubuntu/KKuTu-1-nickname/Server/lib/node_modules/pg/lib/client.js:290:19)
    at Connection.emit (events.js:314:20)
    at /home/ubuntu/KKuTu-1-nickname/Server/lib/node_modules/pg/lib/connection.js:114:12
    at Parser.parse (/home/ubuntu/KKuTu-1-nickname/Server/lib/node_modules/pg-protocol/dist/parser.js:40:17):8496 [4/22/2024, 6:54:01 AM] ERROR: TypeError: Cannot read property 'handleRowDescription' of null
TypeError: Cannot read property 'handleRowDescription' of null
    at Client._handleRowDescription (/home/ubuntu/KKuTu-1-nickname/Server/lib/node_modules/pg/lib/client.js:340:22)
    at Connection.emit (events.js:314:20)
    at /home/ubuntu/KKuTu-1-nickname/Server/lib/node_modules/pg/lib/connection.js:114:12
    at Parser.parse (/home/ubuntu/KKuTu-1-nickname/Server/lib/node_modules/pg-protocol/dist/parser.js:40:17)
    at Socket.<anonymous> (/home/ubuntu/KKuTu-1-nickname/Server/lib/node_modules/pg-protocol/dist/index.js:11:42)
    at Socket.emit (events.js:314:20)
    at addChunk (_stream_readable.js:297:12)
    at readableAddChunk (_stream_readable.js:272:9)
    at Socket.Readable.push (_stream_readable.js:213:10)
    at TCP.onStreamRead (internal/stream_base_commons.js:188:23):8496 [4/22/2024, 6:54:03 AM] ERROR: TypeError: Cannot read property 'handleRowDescription' of null
TypeError: Cannot read property 'handleRowDescription' of null
    at Client._handleRowDescription (/home/ubuntu/KKuTu-1-nickname/Server/lib/node_modules/pg/lib/client.js:340:22)
    at Connection.emit (events.js:314:20)
    at /home/ubuntu/KKuTu-1-nickname/Server/lib/node_modules/pg/lib/connection.js:114:12
    at Parser.parse (/home/ubuntu/KKuTu-1-nickname/Server/lib/node_modules/pg-protocol/dist/parser.js:40:17)
    at Socket.<anonymous> (/home/ubuntu/KKuTu-1-nickname/Server/lib/node_modules/pg-protocol/dist/index.js:11:42)
    at Socket.emit (events.js:314:20)
    at addChunk (_stream_readable.js:297:12)
    at readableAddChunk (_stream_readable.js:272:9)
    at Socket.Readable.push (_stream_readable.js:213:10)
    at TCP.onStreamRead (internal/stream_base_commons.js:188:23):8496 [4/22/2024, 6:54:05 AM] ERROR: TypeError: Cannot read property 'handleRowDescription' of null
TypeError: Cannot read property 'handleRowDescription' of null
    at Client._handleRowDescription (/home/ubuntu/KKuTu-1-nickname/Server/lib/node_modules/pg/lib/client.js:340:22)
    at Connection.emit (events.js:314:20)
    at /home/ubuntu/KKuTu-1-nickname/Server/lib/node_modules/pg/lib/connection.js:114:12
    at Parser.parse (/home/ubuntu/KKuTu-1-nickname/Server/lib/node_modules/pg-protocol/dist/parser.js:40:17)
    at Socket.<anonymous> (/home/ubuntu/KKuTu-1-nickname/Server/lib/node_modules/pg-protocol/dist/index.js:11:42)
    at Socket.emit (events.js:314:20)
    at addChunk (_stream_readable.js:297:12)
    at readableAddChunk (_stream_readable.js:272:9)
    at Socket.Readable.push (_stream_readable.js:213:10)
    at TCP.onStreamRead (internal/stream_base_commons.js:188:23):8496 [4/22/2024, 6:54:05 AM] ERROR: TypeError: Cannot read property 'handleRowDescription' of null
TypeError: Cannot read property 'handleRowDescription' of null
    at Client._handleRowDescription (/home/ubuntu/KKuTu-1-nickname/Server/lib/node_modules/pg/lib/client.js:340:22)
    at Connection.emit (events.js:314:20)
    at /home/ubuntu/KKuTu-1-nickname/Server/lib/node_modules/pg/lib/connection.js:114:12
    at Parser.parse (/home/ubuntu/KKuTu-1-nickname/Server/lib/node_modules/pg-protocol/dist/parser.js:40:17)
    at Socket.<anonymous> (/home/ubuntu/KKuTu-1-nickname/Server/lib/node_modules/pg-protocol/dist/index.js:11:42)
    at Socket.emit (events.js:314:20)
    at addChunk (_stream_readable.js:297:12)
    at readableAddChunk (_stream_readable.js:272:9)
    at Socket.Readable.push (_stream_readable.js:213:10)
    at TCP.onStreamRead (internal/stream_base_commons.js:188:23):8496 [4/22/2024, 6:54:06 AM] ERROR: TypeError: Cannot read property 'handleRowDescription' of null
TypeError: Cannot read property 'handleRowDescription' of null
    at Client._handleRowDescription (/home/ubuntu/KKuTu-1-nickname/Server/lib/node_modules/pg/lib/client.js:340:22)
    at Connection.emit (events.js:314:20)
    at /home/ubuntu/KKuTu-1-nickname/Server/lib/node_modules/pg/lib/connection.js:114:12
    at Parser.parse (/home/ubuntu/KKuTu-1-nickname/Server/lib/node_modules/pg-protocol/dist/parser.js:40:17)
    at Socket.<anonymous> (/home/ubuntu/KKuTu-1-nickname/Server/lib/node_modules/pg-protocol/dist/index.js:11:42)
    at Socket.emit (events.js:314:20)
    at addChunk (_stream_readable.js:297:12)
    at readableAddChunk (_stream_readable.js:272:9)
    at Socket.Readable.push (_stream_readable.js:213:10)
    at TCP.onStreamRead (internal/stream_base_commons.js:188:23):8496 [4/22/2024, 6:54:09 AM] ERROR: TypeError: Cannot read property 'handleRowDescription' of null
TypeError: Cannot read property 'handleRowDescription' of null
    at Client._handleRowDescription (/home/ubuntu/KKuTu-1-nickname/Server/lib/node_modules/pg/lib/client.js:340:22)
    at Connection.emit (events.js:314:20)
    at /home/ubuntu/KKuTu-1-nickname/Server/lib/node_modules/pg/lib/connection.js:114:12
    at Parser.parse (/home/ubuntu/KKuTu-1-nickname/Server/lib/node_modules/pg-protocol/dist/parser.js:40:17)
    at Socket.<anonymous> (/home/ubuntu/KKuTu-1-nickname/Server/lib/node_modules/pg-protocol/dist/index.js:11:42)
    at Socket.emit (events.js:314:20)
    at addChunk (_stream_readable.js:297:12)
    at readableAddChunk (_stream_readable.js:272:9)
    at Socket.Readable.push (_stream_readable.js:213:10)
    at TCP.onStreamRead (internal/stream_base_commons.js:188:23):8496 [4/22/2024, 6:54:09 AM] ERROR: TypeError: Cannot read property 'handleRowDescription' of null
TypeError: Cannot read property 'handleRowDescription' of null
    at Client._handleRowDescription (/home/ubuntu/KKuTu-1-nickname/Server/lib/node_modules/pg/lib/client.js:340:22)
    at Connection.emit (events.js:314:20)
    at /home/ubuntu/KKuTu-1-nickname/Server/lib/node_modules/pg/lib/connection.js:114:12
    at Parser.parse (/home/ubuntu/KKuTu-1-nickname/Server/lib/node_modules/pg-protocol/dist/parser.js:40:17)
    at Socket.<anonymous> (/home/ubuntu/KKuTu-1-nickname/Server/lib/node_modules/pg-protocol/dist/index.js:11:42)
    at Socket.emit (events.js:314:20)
    at addChunk (_stream_readable.js:297:12)
    at readableAddChunk (_stream_readable.js:272:9)
    at Socket.Readable.push (_stream_readable.js:213:10)
    at TCP.onStreamRead (internal/stream_base_commons.js:188:23):8496 [4/22/2024, 6:54:09 AM] ERROR: TypeError: Cannot read property 'handleRowDescription' of null
TypeError: Cannot read property 'handleRowDescription' of null
    at Client._handleRowDescription (/home/ubuntu/KKuTu-1-nickname/Server/lib/node_modules/pg/lib/client.js:340:22)
    at Connection.emit (events.js:314:20)
    at /home/ubuntu/KKuTu-1-nickname/Server/lib/node_modules/pg/lib/connection.js:114:12
    at Parser.parse (/home/ubuntu/KKuTu-1-nickname/Server/lib/node_modules/pg-protocol/dist/parser.js:40:17)
    at Socket.<anonymous> (/home/ubuntu/KKuTu-1-nickname/Server/lib/node_modules/pg-protocol/dist/index.js:11:42)
    at Socket.emit (events.js:314:20)
    at addChunk (_stream_readable.js:297:12)
    at readableAddChunk (_stream_readable.js:272:9)
    at Socket.Readable.push (_stream_readable.js:213:10)
    at TCP.onStreamRead (internal/stream_base_commons.js:188:23):8496 [4/22/2024, 6:54:09 AM] ERROR: TypeError: Cannot read property 'handleRowDescription' of null
TypeError: Cannot read property 'handleRowDescription' of null
    at Client._handleRowDescription (/home/ubuntu/KKuTu-1-nickname/Server/lib/node_modules/pg/lib/client.js:340:22)
    at Connection.emit (events.js:314:20)
    at /home/ubuntu/KKuTu-1-nickname/Server/lib/node_modules/pg/lib/connection.js:114:12
    at Parser.parse (/home/ubuntu/KKuTu-1-nickname/Server/lib/node_modules/pg-protocol/dist/parser.js:40:17)
    at Socket.<anonymous> (/home/ubuntu/KKuTu-1-nickname/Server/lib/node_modules/pg-protocol/dist/index.js:11:42)
    at Socket.emit (events.js:314:20)
    at addChunk (_stream_readable.js:297:12)
    at readableAddChunk (_stream_readable.js:272:9)
    at Socket.Readable.push (_stream_readable.js:213:10)
    at TCP.onStreamRead (internal/stream_base_commons.js:188:23):8496 [4/22/2024, 10:59:17 AM] ERROR: TypeError: Cannot read property '_id' of null
TypeError: Cannot read property '_id' of null
    at /home/ubuntu/KKuTu-1-nickname/Server/lib/Game/games/jaqwi.js:62:27
    at exports.Tail.go (/home/ubuntu/KKuTu-1-nickname/Server/lib/sub/lizard.js:43:16)
    at /home/ubuntu/KKuTu-1-nickname/Server/lib/Game/games/jaqwi.js:249:21
    at callback (/home/ubuntu/KKuTu-1-nickname/Server/lib/sub/collection.js:316:13)
    at Query.preCB (/home/ubuntu/KKuTu-1-nickname/Server/lib/sub/collection.js:298:6)
    at Query.handleReadyForQuery (/home/ubuntu/KKuTu-1-nickname/Server/lib/node_modules/pg/lib/query.js:138:12)
    at Client._handleReadyForQuery (/home/ubuntu/KKuTu-1-nickname/Server/lib/node_modules/pg/lib/client.js:290:19)
    at Connection.emit (events.js:314:20)
    at /home/ubuntu/KKuTu-1-nickname/Server/lib/node_modules/pg/lib/connection.js:114:12
    at Parser.parse (/home/ubuntu/KKuTu-1-nickname/Server/lib/node_modules/pg-protocol/dist/parser.js:40:17):8496 [4/23/2024, 8:25:03 AM] ERROR: TypeError: Cannot read property '_id' of null
TypeError: Cannot read property '_id' of null
    at /home/ubuntu/KKuTu-1-nickname/Server/lib/Game/games/jaqwi.js:62:27
    at exports.Tail.go (/home/ubuntu/KKuTu-1-nickname/Server/lib/sub/lizard.js:43:16)
    at /home/ubuntu/KKuTu-1-nickname/Server/lib/Game/games/jaqwi.js:249:21
    at callback (/home/ubuntu/KKuTu-1-nickname/Server/lib/sub/collection.js:316:13)
    at Query.preCB (/home/ubuntu/KKuTu-1-nickname/Server/lib/sub/collection.js:298:6)
    at Query.handleReadyForQuery (/home/ubuntu/KKuTu-1-nickname/Server/lib/node_modules/pg/lib/query.js:138:12)
    at Client._handleReadyForQuery (/home/ubuntu/KKuTu-1-nickname/Server/lib/node_modules/pg/lib/client.js:290:19)
    at Connection.emit (events.js:314:20)
    at /home/ubuntu/KKuTu-1-nickname/Server/lib/node_modules/pg/lib/connection.js:114:12
    at Parser.parse (/home/ubuntu/KKuTu-1-nickname/Server/lib/node_modules/pg-protocol/dist/parser.js:40:17):8496 [4/23/2024, 10:29:44 AM] ERROR: TypeError: Cannot read property '_id' of null
TypeError: Cannot read property '_id' of null
    at /home/ubuntu/KKuTu-1-nickname/Server/lib/Game/games/jaqwi.js:62:27
    at exports.Tail.go (/home/ubuntu/KKuTu-1-nickname/Server/lib/sub/lizard.js:43:16)
    at /home/ubuntu/KKuTu-1-nickname/Server/lib/Game/games/jaqwi.js:249:21
    at callback (/home/ubuntu/KKuTu-1-nickname/Server/lib/sub/collection.js:316:13)
    at Query.preCB (/home/ubuntu/KKuTu-1-nickname/Server/lib/sub/collection.js:298:6)
    at Query.handleReadyForQuery (/home/ubuntu/KKuTu-1-nickname/Server/lib/node_modules/pg/lib/query.js:138:12)
    at Client._handleReadyForQuery (/home/ubuntu/KKuTu-1-nickname/Server/lib/node_modules/pg/lib/client.js:290:19)
    at Connection.emit (events.js:314:20)
    at /home/ubuntu/KKuTu-1-nickname/Server/lib/node_modules/pg/lib/connection.js:114:12
    at Parser.parse (/home/ubuntu/KKuTu-1-nickname/Server/lib/node_modules/pg-protocol/dist/parser.js:40:17):8496 [4/24/2024, 9:17:24 AM] ERROR: TypeError: Cannot read property '_id' of null
TypeError: Cannot read property '_id' of null
    at /home/ubuntu/KKuTu-1-nickname/Server/lib/Game/games/jaqwi.js:62:27
    at exports.Tail.go (/home/ubuntu/KKuTu-1-nickname/Server/lib/sub/lizard.js:43:16)
    at /home/ubuntu/KKuTu-1-nickname/Server/lib/Game/games/jaqwi.js:249:21
    at callback (/home/ubuntu/KKuTu-1-nickname/Server/lib/sub/collection.js:316:13)
    at Query.preCB (/home/ubuntu/KKuTu-1-nickname/Server/lib/sub/collection.js:298:6)
    at Query.handleReadyForQuery (/home/ubuntu/KKuTu-1-nickname/Server/lib/node_modules/pg/lib/query.js:138:12)
    at Client._handleReadyForQuery (/home/ubuntu/KKuTu-1-nickname/Server/lib/node_modules/pg/lib/client.js:290:19)
    at Connection.emit (events.js:314:20)
    at /home/ubuntu/KKuTu-1-nickname/Server/lib/node_modules/pg/lib/connection.js:114:12
    at Parser.parse (/home/ubuntu/KKuTu-1-nickname/Server/lib/node_modules/pg-protocol/dist/parser.js:40:17)